0 info it worked if it ends with ok
1 verbose cli [ '/usr/local/Cellar/node/6.2.2/bin/node',
1 verbose cli   '/usr/local/bin/npm',
1 verbose cli   'start' ]
2 info using npm@3.9.5
3 info using node@v6.2.2
4 verbose run-script [ 'prestart', 'start', 'poststart' ]
5 info lifecycle todoreboot@0.0.0~prestart: todoreboot@0.0.0
6 silly lifecycle todoreboot@0.0.0~prestart: no script for prestart, continuing
7 info lifecycle todoreboot@0.0.0~start: todoreboot@0.0.0
8 verbose lifecycle todoreboot@0.0.0~start: unsafe-perm in lifecycle true
9 verbose lifecycle todoreboot@0.0.0~start: PATH: /usr/local/lib/node_modules/npm/bin/node-gyp-bin:/Users/phillipjones/workspace/rebootTodo/node_modules/.bin:/usr/local/Cellar/node/6.2.2/bin:/Users/phillipjones/.gem/ruby/2.3.1/bin:/Users/phillipjones/.rubies/ruby-2.3.1/lib/ruby/gems/2.3.0/bin:/Users/phillipjones/.rubies/ruby-2.3.1/bin:/usr/local/bin:/usr/local/sbin:/usr/bin:/bin:/usr/sbin:/sbin
10 verbose lifecycle todoreboot@0.0.0~start: CWD: /Users/phillipjones/workspace/rebootTodo
11 silly lifecycle todoreboot@0.0.0~start: Args: [ '-c',
11 silly lifecycle   'sass --watch ./views/styles:./public/stylesheets & nodemon -e pug,js,html,css,scss --watch public --watch bin --watch routes --watch server --watch views bin/www.js & mongod' ]
12 silly lifecycle todoreboot@0.0.0~start: Returned: code: 48  signal: null
13 info lifecycle todoreboot@0.0.0~start: Failed to exec start script
14 verbose stack Error: todoreboot@0.0.0 start: `sass --watch ./views/styles:./public/stylesheets & nodemon -e pug,js,html,css,scss --watch public --watch bin --watch routes --watch server --watch views bin/www.js & mongod`
14 verbose stack Exit status 48
14 verbose stack     at EventEmitter.<anonymous> (/usr/local/lib/node_modules/npm/lib/utils/lifecycle.js:245:16)
14 verbose stack     at emitTwo (events.js:106:13)
14 verbose stack     at EventEmitter.emit (events.js:191:7)
14 verbose stack     at ChildProcess.<anonymous> (/usr/local/lib/node_modules/npm/lib/utils/spawn.js:24:14)
14 verbose stack     at emitTwo (events.js:106:13)
14 verbose stack     at ChildProcess.emit (events.js:191:7)
14 verbose stack     at maybeClose (internal/child_process.js:852:16)
14 verbose stack     at Process.ChildProcess._handle.onexit (internal/child_process.js:215:5)
15 verbose pkgid todoreboot@0.0.0
16 verbose cwd /Users/phillipjones/workspace/rebootTodo
17 error Darwin 14.5.0
18 error argv "/usr/local/Cellar/node/6.2.2/bin/node" "/usr/local/bin/npm" "start"
19 error node v6.2.2
20 error npm  v3.9.5
21 error code ELIFECYCLE
22 error todoreboot@0.0.0 start: `sass --watch ./views/styles:./public/stylesheets & nodemon -e pug,js,html,css,scss --watch public --watch bin --watch routes --watch server --watch views bin/www.js & mongod`
22 error Exit status 48
23 error Failed at the todoreboot@0.0.0 start script 'sass --watch ./views/styles:./public/stylesheets & nodemon -e pug,js,html,css,scss --watch public --watch bin --watch routes --watch server --watch views bin/www.js & mongod'.
23 error Make sure you have the latest version of node.js and npm installed.
23 error If you do, this is most likely a problem with the todoreboot package,
23 error not with npm itself.
23 error Tell the author that this fails on your system:
23 error     sass --watch ./views/styles:./public/stylesheets & nodemon -e pug,js,html,css,scss --watch public --watch bin --watch routes --watch server --watch views bin/www.js & mongod
23 error You can get information on how to open an issue for this project with:
23 error     npm bugs todoreboot
23 error Or if that isn't available, you can get their info via:
23 error     npm owner ls todoreboot
23 error There is likely additional logging output above.
24 verbose exit [ 1, true ]
